#
# There is insufficient memory for the Java Runtime Environment to continue.
# Native memory allocation (malloc) failed to allocate 1048576 bytes for AllocateHeap
# Possible reasons:
#   The system is out of physical RAM or swap space
#   The process is running with CompressedOops enabled, and the Java Heap may be blocking the growth of the native heap
# Possible solutions:
#   Reduce memory load on the system
#   Increase physical memory or swap space
#   Check if swap backing store is full
#   Decrease Java heap size (-Xmx/-Xms)
#   Decrease number of Java threads
#   Decrease Java thread stack sizes (-Xss)
#   Set larger code cache with -XX:ReservedCodeCacheSize=
#   JVM is running with Unscaled Compressed Oops mode in which the Java heap is
#     placed in the first 4GB address space. The Java Heap base address is the
#     maximum limit for the native heap growth. Please use -XX:HeapBaseMinAddress
#     to set the Java Heap base and to place the Java Heap above 4GB virtual address.
# This output file may be truncated or incomplete.
#
#  Out of Memory Error (memory/allocation.inline.hpp:61), pid=12160, tid=0x000000000000267c
#
# JRE version:  (8.0_221-b11) (build )
# Java VM: Java HotSpot(TM) 64-Bit Server VM (25.221-b11 mixed mode windows-amd64 compressed oops)
# Failed to write core dump. Minidumps are not enabled by default on client versions of Windows
#

---------------  T H R E A D  ---------------

Current thread (0x000000000254d800):  JavaThread "Unknown thread" [_thread_in_vm, id=9852, stack(0x0000000002440000,0x0000000002540000)]

Stack: [0x0000000002440000,0x0000000002540000]
[error occurred during error reporting (printing stack bounds), id 0xc0000005]

Native frames: (J=compiled Java code, j=interpreted, Vv=VM code, C=native code)


---------------  P R O C E S S  ---------------

Java Threads: ( => current thread )

Other Threads:

=>0x000000000254d800 (exited) JavaThread "Unknown thread" [_thread_in_vm, id=9852, stack(0x0000000002440000,0x0000000002540000)]

VM state:not at safepoint (normal execution)

VM Mutex/Monitor currently owned by a thread: None

heap address: 0x00000000c1000000, size: 1008 MB, Compressed Oops mode: 32-bit
Narrow klass base: 0x0000000000000000, Narrow klass shift: 3
Compressed class space size: 1073741824 Address: 0x0000000100000000

Heap:
 PSYoungGen      total 18944K, used 327K [0x00000000eb000000, 0x00000000ec500000, 0x0000000100000000)
  eden space 16384K, 2% used [0x00000000eb000000,0x00000000eb051ec8,0x00000000ec000000)
  from space 2560K, 0% used [0x00000000ec280000,0x00000000ec280000,0x00000000ec500000)
  to   space 2560K, 0% used [0x00000000ec000000,0x00000000ec000000,0x00000000ec280000)
 ParOldGen       total 44032K, used 0K [0x00000000c1000000, 0x00000000c3b00000, 0x00000000eb000000)
  object space 44032K, 0% used [0x00000000c1000000,0x00000000c1000000,0x00000000c3b00000)
 Metaspace       used 776K, capacity 4480K, committed 4480K, reserved 1056768K
  class space    used 76K, capacity 384K, committed 384K, reserved 1048576K

Card table byte_map: [0x0000000011aa0000,0x0000000011ca0000] byte_map_base: 0x0000000011498000

Marking Bits: (ParMarkBitMap*) 0x000000005ade5ce0
 Begin Bits: [0x0000000011ff0000, 0x0000000012fb0000)
 End Bits:   [0x0000000012fb0000, 0x0000000013f70000)

Polling page: 0x0000000000a90000

CodeCache: size=245760Kb used=327Kb max_used=327Kb free=245432Kb
 bounds [0x00000000026e0000, 0x0000000002950000, 0x00000000116e0000]
 total_blobs=56 nmethods=0 adapters=38
 compilation: enabled

Compilation events (0 events):
No events

GC Heap History (0 events):
No events

Deoptimization events (0 events):
No events

Classes redefined (0 events):
No events

Internal exceptions (0 events):
No events

Events (10 events):
Event: 0.197 loading class java/lang/Short
Event: 0.197 loading class java/lang/Short done
Event: 0.197 loading class java/lang/Integer
Event: 0.198 loading class java/lang/Integer done
Event: 0.198 loading class java/lang/Long
Event: 0.198 loading class java/lang/Long done
Event: 0.200 loading class java/lang/NullPointerException
Event: 0.200 loading class java/lang/NullPointerException done
Event: 0.200 loading class java/lang/ArithmeticException
Event: 0.200 loading class java/lang/ArithmeticException done


Dynamic libraries:
0x00007ff693690000 - 0x00007ff6936c7000 	C:\Program Files\Java\jdk1.8.0_221\jre\bin\javaw.exe
0x00007ffa5a380000 - 0x00007ffa5a570000 	C:\WINDOWS\SYSTEM32\ntdll.dll
0x00007ffa49490000 - 0x00007ffa494a2000 	C:\Program Files\AVAST Software\Avast\aswhook.dll
0x00007ffa59670000 - 0x00007ffa59722000 	C:\WINDOWS\System32\KERNEL32.DLL
0x00007ffa577d0000 - 0x00007ffa57a75000 	C:\WINDOWS\System32\KERNELBASE.dll
0x00007ffa59440000 - 0x00007ffa594e3000 	C:\WINDOWS\System32\ADVAPI32.dll
0x00007ffa58ef0000 - 0x00007ffa58f8e000 	C:\WINDOWS\System32\msvcrt.dll
0x00007ffa58490000 - 0x00007ffa58527000 	C:\WINDOWS\System32\sechost.dll
0x00007ffa59ae0000 - 0x00007ffa59c00000 	C:\WINDOWS\System32\RPCRT4.dll
0x00007ffa59f20000 - 0x00007ffa5a0b5000 	C:\WINDOWS\System32\USER32.dll
0x00007ffa577a0000 - 0x00007ffa577c1000 	C:\WINDOWS\System32\win32u.dll
0x00007ffa58fa0000 - 0x00007ffa58fc6000 	C:\WINDOWS\System32\GDI32.dll
0x00007ffa57560000 - 0x00007ffa576f6000 	C:\WINDOWS\System32\gdi32full.dll
0x00007ffa58390000 - 0x00007ffa5842e000 	C:\WINDOWS\System32\msvcp_win.dll
0x00007ffa57460000 - 0x00007ffa5755a000 	C:\WINDOWS\System32\ucrtbase.dll
0x00007ffa49030000 - 0x00007ffa492b4000 	C:\WINDOWS\WinSxS\amd64_microsoft.windows.common-controls_6595b64144ccf1df_6.0.18362.1082_none_9e8193e1e45b25c1\COMCTL32.dll
0x00007ffa597a0000 - 0x00007ffa59ad5000 	C:\WINDOWS\System32\combase.dll
0x00007ffa57a80000 - 0x00007ffa57b00000 	C:\WINDOWS\System32\bcryptPrimitives.dll
0x00007ffa59c10000 - 0x00007ffa59c3e000 	C:\WINDOWS\System32\IMM32.DLL
0x000000005ae70000 - 0x000000005af42000 	C:\Program Files\Java\jdk1.8.0_221\jre\bin\msvcr100.dll
0x000000005a5c0000 - 0x000000005ae65000 	C:\Program Files\Java\jdk1.8.0_221\jre\bin\server\jvm.dll
0x00007ffa58f90000 - 0x00007ffa58f98000 	C:\WINDOWS\System32\PSAPI.DLL
0x00007ffa50290000 - 0x00007ffa50299000 	C:\WINDOWS\SYSTEM32\WSOCK32.dll
0x00007ffa5a200000 - 0x00007ffa5a26f000 	C:\WINDOWS\System32\WS2_32.dll
0x00007ffa4ea40000 - 0x00007ffa4ea64000 	C:\WINDOWS\SYSTEM32\WINMM.dll
0x00007ffa532e0000 - 0x00007ffa532ea000 	C:\WINDOWS\SYSTEM32\VERSION.dll
0x00007ffa4ea10000 - 0x00007ffa4ea3d000 	C:\WINDOWS\SYSTEM32\WINMMBASE.dll
0x00007ffa57700000 - 0x00007ffa5774a000 	C:\WINDOWS\System32\cfgmgr32.dll
0x00007ffa523a0000 - 0x00007ffa523af000 	C:\Program Files\Java\jdk1.8.0_221\jre\bin\verify.dll
0x00007ffa4a7d0000 - 0x00007ffa4a7f9000 	C:\Program Files\Java\jdk1.8.0_221\jre\bin\java.dll
0x00007ffa4da90000 - 0x00007ffa4daa6000 	C:\Program Files\Java\jdk1.8.0_221\jre\bin\zip.dll

VM Arguments:
jvm_args: -Dfile.encoding=Cp1252 
java_command: controle.App
java_class_path (initial): C:\Users\Ana\eclipse-workspace\POO II - Semana 7  - CRUD\bin;C:\Users\Ana\eclipse-workspace\POO II - Semana 7  - CRUD\miglayout15-swing.jar;C:\Users\Ana\Documents\InfoBio\mysql-connector-java-8.0.21.jar
Launcher Type: SUN_STANDARD

Environment Variables:
PATH=C:/Program Files/Java/jre1.8.0_221/bin/server;C:/Program Files/Java/jre1.8.0_221/bin;C:/Program Files/Java/jre1.8.0_221/lib/amd64;"C:\Program Files (x86)\Common Files\Oracle\Java\javapath;C:\Program Files\Java\jdk1.8.0_221\bin";C:\WINDOWS\system32;C:\WINDOWS;C:\WINDOWS\System32\Wbem;C:\WINDOWS\System32\WindowsPowerShell\v1.0\;C:\WINDOWS\System32\OpenSSH\;C:\Program Files\Git\cmd;C:\Program Files\MySQL\MySQL Shell 8.0\bin\;C:\Users\Ana\AppData\Local\Microsoft\WindowsApps;C:\Users\Ana\AppData\Local\Programs\Microsoft VS Code\bin;C:\Users\Ana\AppData\Local\GitHubDesktop\bin;C:\Users\Ana\eclipse\java-2019-06\eclipse;
USERNAME=Ana
OS=Windows_NT
PROCESSOR_IDENTIFIER=Intel64 Family 6 Model 23 Stepping 10, GenuineIntel



---------------  S Y S T E M  ---------------

OS: Windows 10.0 , 64 bit Build 18362 (10.0.18362.1082)

CPU:total 2 (initial active 2) (2 cores per cpu, 1 threads per core) family 6 model 23 stepping 10, cmov, cx8, fxsr, mmx, sse, sse2, sse3, ssse3, sse4.1, tsc

Memory: 4k page, physical 4128084k(273244k free), swap 16710996k(5404k free)

vm_info: Java HotSpot(TM) 64-Bit Server VM (25.221-b11) for windows-amd64 JRE (1.8.0_221-b11), built on Jul  4 2019 04:39:29 by "java_re" with MS VC++ 10.0 (VS2010)

time: Sat Sep 19 16:27:52 2020
timezone: Hora oficial do Brasil
elapsed time: 0 seconds (0d 0h 0m 0s)

